<?xml version="1.0" encoding="UTF-8"?>
<!-- Generated by org.testng.reporters.JUnitReportReporter -->
<testsuite hostname="Amrutamane" failures="0" tests="1" name="UxBuyModule.UpstoxBuyTestClass2demo" time="2.016" errors="0" timestamp="2022-11-20T14:17:31 IST" skipped="0">
  <testcase classname="UxBuyModule.UpstoxBuyTestClass2demo" name="addNewStxToList" time="2.016"/>
  <system-out/>
</testsuite> <!-- UxBuyModule.UpstoxBuyTestClass2demo -->
