<?xml version="1.0" encoding="UTF-8"?>
<!-- Generated by org.testng.reporters.JUnitReportReporter -->
<testsuite hostname="Amrutamane" failures="0" tests="1" name="UxBuyModule.UpstoxBuyTestClass" time="11.648" errors="0" timestamp="2022-11-20T14:16:23 IST" skipped="0">
  <testcase classname="UxBuyModule.UpstoxBuyTestClass" name="getListofStocks" time="11.648"/>
  <system-out/>
</testsuite> <!-- UxBuyModule.UpstoxBuyTestClass -->
